<?xml version="1.0" encoding="UTF-8"?>
<testng-results total="1" passed="1" failed="0" skipped="0">
  <reporter-output>
  </reporter-output>
  <suite started-at="2020-10-25T07:59:00Z" name="Default suite" finished-at="2020-10-25T07:59:05Z" duration-ms="4351">
    <groups>
    </groups>
    <test started-at="2020-10-25T07:59:00Z" name="Default test" finished-at="2020-10-25T07:59:05Z" duration-ms="4351">
      <class name="com.rest.TestAPI">
        <test-method signature="getStatuscode()[pri:0, instance:com.rest.TestAPI@1573f9fc]" started-at="2020-10-25T13:29:00Z" name="getStatuscode" finished-at="2020-10-25T13:29:05Z" duration-ms="4323" status="PASS">
          <reporter-output>
          </reporter-output>
        </test-method> <!-- getStatuscode -->
      </class> <!-- com.rest.TestAPI -->
    </test> <!-- Default test -->
  </suite> <!-- Default suite -->
</testng-results>
