<?xml version="1.0" encoding="UTF-8"?>
<testng-results total="3" passed="3" failed="0" skipped="0">
  <reporter-output>
  </reporter-output>
  <suite started-at="2020-10-21T11:27:40Z" name="Default suite" finished-at="2020-10-21T11:27:40Z" duration-ms="69">
    <groups>
    </groups>
    <test started-at="2020-10-21T11:27:40Z" name="Default test" finished-at="2020-10-21T11:27:40Z" duration-ms="69">
      <class name="com.qa.test.DemoTest">
        <test-method signature="Mul()[pri:0, instance:com.qa.test.DemoTest@6150c3ec]" started-at="2020-10-21T16:57:40Z" name="Mul" finished-at="2020-10-21T16:57:40Z" duration-ms="25" status="PASS">
          <reporter-output>
          </reporter-output>
        </test-method> <!-- Mul -->
        <test-method signature="Sub()[pri:0, instance:com.qa.test.DemoTest@6150c3ec]" started-at="2020-10-21T16:57:40Z" name="Sub" finished-at="2020-10-21T16:57:40Z" duration-ms="5" status="PASS">
          <reporter-output>
          </reporter-output>
        </test-method> <!-- Sub -->
        <test-method signature="Sum()[pri:0, instance:com.qa.test.DemoTest@6150c3ec]" started-at="2020-10-21T16:57:40Z" name="Sum" finished-at="2020-10-21T16:57:40Z" duration-ms="3" status="PASS">
          <reporter-output>
          </reporter-output>
        </test-method> <!-- Sum -->
      </class> <!-- com.qa.test.DemoTest -->
    </test> <!-- Default test -->
  </suite> <!-- Default suite -->
</testng-results>
