<?xml version="1.0" encoding="UTF-8"?>
<testng-results total="1" passed="1" failed="0" skipped="0">
  <reporter-output>
  </reporter-output>
  <suite started-at="2020-10-27T15:10:04Z" name="Default suite" finished-at="2020-10-27T15:10:14Z" duration-ms="9748">
    <groups>
    </groups>
    <test started-at="2020-10-27T15:10:04Z" name="Default test" finished-at="2020-10-27T15:10:14Z" duration-ms="9748">
      <class name="com.proj2.ValidateResBody">
        <test-method signature="getWeatherDetail()[pri:0, instance:com.proj2.ValidateResBody@5aa9e4eb]" started-at="2020-10-27T20:40:04Z" name="getWeatherDetail" finished-at="2020-10-27T20:40:14Z" duration-ms="9718" status="PASS">
          <reporter-output>
          </reporter-output>
        </test-method> <!-- getWeatherDetail -->
      </class> <!-- com.proj2.ValidateResBody -->
    </test> <!-- Default test -->
  </suite> <!-- Default suite -->
</testng-results>
